/home/estel/utilities/EliteX52Pro/elitex52pro.py:72: DeprecationWarning: Callback API version 1 is deprecated, update to latest version
  client = mqtt.Client()
Wczytywanie konfiguracji...
Nasłuchiwanie rozpoczęte.
Połączono z MQTT (kod): 0
Traceback (most recent call last):
  File "/home/estel/utilities/EliteX52Pro/elitex52pro.py", line 80, in <module>
    main()
    ~~~~^^
  File "/home/estel/utilities/EliteX52Pro/elitex52pro.py", line 77, in main
    client.loop_forever()
    ~~~~~~~~~~~~~~~~~~~^^
  File "/usr/lib/python3/dist-packages/paho/mqtt/client.py", line 2297, in loop_forever
    rc = self._loop(timeout)
  File "/usr/lib/python3/dist-packages/paho/mqtt/client.py", line 1663, in _loop
    socklist = select.select(rlist, wlist, [], timeout)
KeyboardInterrupt
/home/estel/utilities/EliteX52Pro/./elitex52pro.py:282: DeprecationWarning: Callback API version 1 is deprecated, update to latest version
  client = mqtt.Client()
[INFO] Loading config default.config...
[INFO] Loading config silent-running.config...
[INFO] Switched active rules to default config.
[INFO] Connecting to localhost:1883 ...
[INFO] Connected to broker with result code 0
[INFO] Cleaning up before exit...
/home/estel/utilities/EliteX52Pro/./elitex52pro.py:282: DeprecationWarning: Callback API version 1 is deprecated, update to latest version
  client = mqtt.Client()
[INFO] Loading config default.config...
[INFO] Loading config silent-running.config...
[INFO] Switched active rules to default config.
[INFO] Connecting to localhost:1883 ...
[INFO] Connected to broker with result code 0
[INFO] Cleaning up before exit...
/home/estel/utilities/EliteX52Pro/./elitex52pro.py:282: DeprecationWarning: Callback API version 1 is deprecated, update to latest version
  client = mqtt.Client()
[INFO] Loading config default.config...
[INFO] Loading config silent-running.config...
[INFO] Switched active rules to default config.
[INFO] Connecting to localhost:1883 ...
[INFO] Connected to broker with result code 0
[INFO] Cleaning up before exit...
/home/estel/utilities/EliteX52Pro/./elitex52pro.py:280: DeprecationWarning: Callback API version 1 is deprecated, update to latest version
  client = mqtt.Client()
[INFO] Loading config default.config...
[INFO] Loading config silent-running.config...
[INFO] Switched active rules to default config.
[INFO] Connecting to localhost:1883 ...
[INFO] Connected to broker with result code 0
[INFO] Cleaning up before exit...
/home/estel/utilities/EliteX52Pro/./elitex52pro.py:280: DeprecationWarning: Callback API version 1 is deprecated, update to latest version
  client = mqtt.Client()
[INFO] Loading config default.config...
[INFO] Loading config silent-running.config...
[INFO] Switched active rules to default config.
[INFO] Connecting to localhost:1883 ...
[INFO] Connected to broker with result code 0
[INFO] Killing 13 running processes due to config switch.
[INFO] Switched active rules to silent config.
[INFO] Killing 2 running processes due to config switch.
[INFO] Switched active rules to default config.
[INFO] Cleaning up before exit...
